<?xml version="1.0" encoding="UTF-8"?>
<!-- Generated by org.testng.reporters.JUnitXMLReporter -->
<testsuite ignored="1" hostname="LAPTOP-V8P8BJ13" failures="0" tests="2" name="test2" time="0.035" errors="0" timestamp="2022-12-02T10:41:22 IST">
  <testcase classname="grouppackage.GroupClasss" name="test2" time="0.006"/>
  <testcase classname="grouppackage.GroupClasss" name="test3" time="0.001"/>
  <testcase classname="grouppackage.GroupClasss" name="test1" time="0.0">
    <ignored/>
  </testcase> <!-- test1 -->
</testsuite> <!-- test2 -->
