<?xml version="1.0" encoding="UTF-8"?>
<testng-results ignored="0" total="1" passed="1" failed="0" skipped="0">
  <reporter-output>
  </reporter-output>
  <suite started-at="2022-12-03T11:04:41 IST" name="suite1" finished-at="2022-12-03T11:04:48 IST" duration-ms="6892">
    <groups>
    </groups>
    <test started-at="2022-12-03T11:04:41 IST" name="Parallel Test" finished-at="2022-12-03T11:04:48 IST" duration-ms="6892">
      <class name="sampleXMLClass.SampleClass">
        <test-method signature="driverLaunch()[pri:0, instance:sampleXMLClass.SampleClass@3246fb96]" started-at="2022-12-03T11:04:41 IST" name="driverLaunch" finished-at="2022-12-03T11:04:48 IST" duration-ms="6863" status="PASS">
          <reporter-output>
          </reporter-output>
        </test-method> <!-- driverLaunch -->
      </class> <!-- sampleXMLClass.SampleClass -->
    </test> <!-- Parallel Test -->
  </suite> <!-- suite1 -->
</testng-results>
