<?xml version="1.0" encoding="UTF-8"?>
<testng-results ignored="0" total="1" passed="1" failed="0" skipped="0">
  <reporter-output>
  </reporter-output>
  <suite started-at="2022-12-03T11:04:10 IST" name="Default suite" finished-at="2022-12-03T11:04:18 IST" duration-ms="7466">
    <groups>
    </groups>
    <test started-at="2022-12-03T11:04:10 IST" name="Default test" finished-at="2022-12-03T11:04:18 IST" duration-ms="7466">
      <class name="sampleXMLClass.SampleClass">
        <test-method signature="driverLaunch()[pri:0, instance:sampleXMLClass.SampleClass@4a7f959b]" started-at="2022-12-03T11:04:10 IST" name="driverLaunch" finished-at="2022-12-03T11:04:18 IST" duration-ms="7441" status="PASS">
          <reporter-output>
          </reporter-output>
        </test-method> <!-- driverLaunch -->
      </class> <!-- sampleXMLClass.SampleClass -->
    </test> <!-- Default test -->
  </suite> <!-- Default suite -->
</testng-results>
